Tue Nov 27 16:25:53 PST 2018: Peer 1001 makes a connection to Peer 1003.
Tue Nov 27 16:25:54 PST 2018: Peer 1001 is unchoked by 1003.
Tue Nov 27 16:25:54 PST 2018: Peer 1001 has downloaded the piece 11 from 1003.Now the number of pieces it has is 1
Tue Nov 27 16:25:54 PST 2018: Peer 1001 received the 'not interested' message from 1003.
Tue Nov 27 16:25:55 PST 2018: Peer 1001 has downloaded the piece 9 from 1003.Now the number of pieces it has is 2
Tue Nov 27 16:25:55 PST 2018: Peer 1001 received the 'not interested' message from 1003.
Tue Nov 27 16:25:56 PST 2018: Peer 1001 has downloaded the piece 8 from 1003.Now the number of pieces it has is 3
Tue Nov 27 16:25:56 PST 2018: Peer 1001 received the 'not interested' message from 1003.
Tue Nov 27 16:25:57 PST 2018: Peer 1001 has downloaded the piece 5 from 1003.Now the number of pieces it has is 4
Tue Nov 27 16:25:57 PST 2018: Peer 1001 received the 'not interested' message from 1003.
Tue Nov 27 16:25:58 PST 2018: Peer 1001 has downloaded the piece 2 from 1003.Now the number of pieces it has is 5
Tue Nov 27 16:25:58 PST 2018: Peer 1001 received the 'not interested' message from 1003.
Tue Nov 27 16:25:58 PST 2018: Peer 1001 has downloaded the piece 10 from 1003.Now the number of pieces it has is 6
Tue Nov 27 16:25:58 PST 2018: Peer 1001 received the 'not interested' message from 1003.
Tue Nov 27 16:25:59 PST 2018: Peer 1001 has downloaded the piece 1 from 1003.Now the number of pieces it has is 7
Tue Nov 27 16:25:59 PST 2018: Peer 1001 received the 'not interested' message from 1003.
Tue Nov 27 16:26:00 PST 2018: Peer 1001 has downloaded the piece 3 from 1003.Now the number of pieces it has is 8
Tue Nov 27 16:26:00 PST 2018: Peer 1001 received the 'not interested' message from 1003.
Tue Nov 27 16:26:01 PST 2018: Peer 1001 has downloaded the piece 7 from 1003.Now the number of pieces it has is 9
Tue Nov 27 16:26:01 PST 2018: Peer 1001 received the 'not interested' message from 1003.
Tue Nov 27 16:26:02 PST 2018: Peer 1001 has downloaded the piece 4 from 1003.Now the number of pieces it has is 10
Tue Nov 27 16:26:02 PST 2018: Peer 1001 received the 'not interested' message from 1003.
Tue Nov 27 16:26:02 PST 2018: Peer 1001 has downloaded the piece 0 from 1003.Now the number of pieces it has is 11
Tue Nov 27 16:26:02 PST 2018: Peer 1001 received the 'not interested' message from 1003.
Tue Nov 27 16:26:03 PST 2018: Peer 1001 has downloaded the piece 6 from 1003.Now the number of pieces it has is 12
Tue Nov 27 16:26:03 PST 2018: Peer 1001 has downloaded the complete file.
